\BOOKMARK [-1][-]{part.1}{\376\377\000I\000\040\000T\000r\000a\000i\000n\000i\000n\000g\000\040\000a\000\040\000M\000o\000d\000e\000l\000:\000\040\000A\000\040\000T\000a\000s\000t\000e\000\040\000o\000f\000\040\000t\000h\000e\000\040\000F\000u\000n\000d\000a\000m\000e\000n\000t\000a\000l\000s}{}% 1
\BOOKMARK [0][-]{chapter.1}{\376\377\000D\000A\000T\000A\000\040\000C\0001\0000\0000\000:\000\040\000I\000n\000t\000r\000o\000d\000u\000c\000t\000i\000o\000n\000\040\000t\000o\000\040\000M\000o\000d\000e\000l\000i\000n\000g\000\040\000a\000n\000d\000\040\000L\000i\000n\000e\000a\000r\000\040\000R\000e\000g\000r\000e\000s\000s\000i\000o\000n}{part.1}% 2
\BOOKMARK [1][-]{section.1.1}{\376\377\000M\000o\000t\000i\000v\000a\000t\000i\000o\000n}{chapter.1}% 3
\BOOKMARK [1][-]{section.1.2}{\376\377\000A\000\040\000D\000e\000m\000o\000n\000s\000t\000r\000a\000t\000i\000o\000n\000:\000\040\000S\000i\000m\000p\000l\000e\000\040\000L\000i\000n\000e\000a\000r\000\040\000R\000e\000g\000r\000e\000s\000s\000i\000o\000n}{chapter.1}% 4
\BOOKMARK [0][-]{chapter.2}{\376\377\000D\000A\000T\000A\000\040\000C\0001\0000\0000\000:\000\040\000C\000o\000n\000s\000t\000a\000n\000t\000\040\000M\000o\000d\000e\000l\000\040\000i\000n\000\040\000L\000i\000n\000e\000a\000r\000\040\000R\000e\000g\000r\000e\000s\000s\000i\000o\000n}{part.1}% 5
\BOOKMARK [1][-]{section.2.1}{\376\377\000D\000e\000f\000i\000n\000i\000n\000g\000\040\000t\000h\000e\000\040\000C\000o\000n\000s\000t\000a\000n\000t\000\040\000M\000o\000d\000e\000l}{chapter.2}% 6
\BOOKMARK [1][-]{section.2.2}{\376\377\000E\000x\000p\000e\000r\000i\000m\000e\000n\000t\000i\000n\000g\000\040\000D\000i\000f\000f\000e\000r\000e\000n\000t\000\040\000L\000o\000s\000s\000\040\000F\000u\000n\000c\000t\000i\000o\000n\000s}{chapter.2}% 7
\BOOKMARK [1][-]{section.2.3}{\376\377\000T\000r\000a\000n\000s\000f\000o\000r\000m\000a\000t\000i\000o\000n\000\040\000a\000n\000d\000\040\000M\000o\000d\000e\000l\000\040\000L\000i\000n\000e\000a\000r\000i\000t\000y}{chapter.2}% 8
\BOOKMARK [0][-]{chapter.3}{\376\377\000D\000A\000T\000A\000\040\000C\0001\0000\0000\000:\000\040\000O\000r\000d\000i\000n\000a\000r\000y\000\040\000L\000e\000a\000s\000t\000\040\000S\000q\000u\000a\000r\000e\000s}{part.1}% 9
\BOOKMARK [1][-]{section.3.1}{\376\377\000M\000u\000l\000t\000i\000p\000l\000e\000\040\000L\000i\000n\000e\000a\000r\000\040\000R\000e\000g\000r\000e\000s\000s\000i\000o\000n\000\040\000M\000o\000d\000e\000l}{chapter.3}% 10
\BOOKMARK [1][-]{section.3.2}{\376\377\000O\000p\000t\000i\000m\000i\000z\000a\000t\000i\000o\000n\000\040\000o\000f\000\040\000M\000o\000d\000e\000l\000:\000\040\000L\000e\000a\000s\000t\000\040\000S\000q\000u\000a\000r\000e\000s\000\040\000A\000l\000g\000o\000r\000i\000t\000h\000m}{chapter.3}% 11
\BOOKMARK [1][-]{section.3.3}{\376\377\000P\000e\000r\000f\000o\000r\000m\000a\000n\000c\000e\000\040\000F\000a\000c\000t\000o\000r\000s}{chapter.3}% 12
\BOOKMARK [0][-]{chapter.4}{\376\377\000D\000A\000T\000A\000\040\000C\0001\0000\0000\000:\000\040\000G\000r\000a\000d\000i\000e\000n\000t\000\040\000D\000e\000s\000c\000e\000n\000t}{part.1}% 13
\BOOKMARK [1][-]{section.4.1}{\376\377\000C\000o\000m\000p\000u\000t\000a\000t\000i\000o\000n\000a\000l\000\040\000M\000i\000n\000i\000m\000i\000z\000a\000t\000i\000o\000n\000\040\000o\000f\000\040\000L\000o\000s\000s\000\040\000F\000u\000n\000c\000t\000i\000o\000n}{chapter.4}% 14
\BOOKMARK [1][-]{section.4.2}{\376\377\000G\000r\000a\000d\000i\000e\000n\000t\000\040\000D\000e\000s\000c\000e\000n\000t\000\040\000A\000l\000g\000o\000r\000i\000t\000h\000m}{chapter.4}% 15
\BOOKMARK [0][-]{chapter.5}{\376\377\000D\000A\000T\000A\000\040\000C\0001\0000\0000\000:\000\040\000F\000e\000a\000t\000u\000r\000e\000\040\000E\000n\000g\000i\000n\000e\000e\000r\000i\000n\000g}{part.1}% 16
\BOOKMARK [1][-]{section.5.1}{\376\377\000M\000o\000t\000i\000v\000a\000t\000i\000o\000n\000\040\000a\000n\000d\000\040\000G\000e\000n\000e\000r\000a\000l\000i\000z\000a\000t\000i\000o\000n}{chapter.5}% 17
\BOOKMARK [1][-]{section.5.2}{\376\377\000O\000n\000e\000\040\000H\000o\000t\000\040\000E\000n\000c\000o\000d\000i\000n\000g}{chapter.5}% 18
\BOOKMARK [0][-]{chapter.6}{\376\377\000D\000A\000T\000A\000\040\000C\0001\0000\0000\000:\000\040\000C\000r\000o\000s\000s\000\040\000V\000a\000l\000i\000d\000a\000t\000i\000o\000n}{part.1}% 19
\BOOKMARK [1][-]{section.6.1}{\376\377\000V\000a\000r\000i\000a\000n\000c\000e\000\040\000a\000n\000d\000\040\000T\000r\000a\000i\000n\000i\000n\000g\000\040\000E\000r\000r\000o\000r}{chapter.6}% 20
\BOOKMARK [1][-]{section.6.2}{\376\377\000V\000a\000l\000i\000d\000a\000t\000i\000o\000n}{chapter.6}% 21
\BOOKMARK [1][-]{section.6.3}{\376\377\000K\000-\000F\000o\000l\000d\000\040\000C\000r\000o\000s\000s\000\040\000V\000a\000l\000i\000d\000a\000t\000i\000o\000n}{chapter.6}% 22
\BOOKMARK [1][-]{section.6.4}{\376\377\000T\000e\000s\000t\000\040\000S\000e\000t}{chapter.6}% 23
\BOOKMARK [0][-]{chapter.7}{\376\377\000D\000A\000T\000A\000\040\000C\0001\0000\0000\000:\000\040\000R\000e\000g\000u\000l\000a\000r\000i\000z\000a\000t\000i\000o\000n}{part.1}% 24
\BOOKMARK [1][-]{section.7.1}{\376\377\000G\000e\000n\000e\000r\000a\000l\000\040\000I\000n\000t\000r\000o\000d\000u\000c\000t\000i\000o\000n\000\040\000t\000o\000\040\000R\000e\000g\000u\000l\000a\000r\000i\000z\000a\000t\000i\000o\000n}{chapter.7}% 25
\BOOKMARK [1][-]{section.7.2}{\376\377\000C\000h\000o\000i\000c\000e\000s\000\040\000o\000f\000\040\000R\000e\000g\000u\000l\000a\000r\000i\000z\000a\000t\000i\000o\000n}{chapter.7}% 26
\BOOKMARK [-1][-]{part.2}{\376\377\000I\000I\000\040\000P\000r\000o\000b\000a\000b\000i\000l\000i\000t\000y\000\040\000T\000h\000e\000o\000r\000i\000e\000s\000\040\000i\000n\000\040\000M\000o\000d\000e\000l\000i\000n\000g}{}% 27
\BOOKMARK [0][-]{chapter.8}{\376\377\000D\000A\000T\000A\000\040\000C\0001\0000\0000\000:\000\040\000A\000\040\000S\000u\000r\000v\000e\000y\000\040\000o\000n\000\040\000R\000a\000n\000d\000o\000m\000\040\000V\000a\000r\000i\000a\000b\000l\000e\000s}{part.2}% 28
\BOOKMARK [1][-]{section.8.1}{\376\377\000D\000e\000f\000i\000n\000i\000n\000g\000\040\000R\000a\000n\000d\000o\000m\000\040\000V\000a\000r\000i\000a\000b\000l\000e\000s\000\040\000a\000n\000d\000\040\000D\000i\000s\000t\000r\000i\000b\000u\000t\000i\000o\000n\000s}{chapter.8}% 29
\BOOKMARK [1][-]{section.8.2}{\376\377\000D\000e\000s\000c\000r\000i\000b\000i\000n\000g\000\040\000R\000a\000n\000d\000o\000m\000\040\000V\000a\000r\000i\000a\000b\000l\000e\000s\000:\000\040\000E\000x\000p\000e\000c\000t\000a\000t\000i\000o\000n\000\040\000a\000n\000d\000\040\000V\000a\000r\000i\000a\000n\000c\000e}{chapter.8}% 30
\BOOKMARK [1][-]{section.8.3}{\376\377\000M\000u\000l\000t\000i\000p\000l\000e\000\040\000R\000a\000n\000d\000o\000m\000\040\000V\000a\000r\000i\000a\000b\000l\000e\000s}{chapter.8}% 31
\BOOKMARK [1][-]{section.8.4}{\376\377\000B\000e\000r\000n\000o\000u\000l\000l\000i\000\040\000a\000n\000d\000\040\000B\000i\000n\000o\000m\000i\000a\000l\000\040\000R\000a\000n\000d\000o\000m\000\040\000V\000a\000r\000i\000a\000b\000l\000e\000s}{chapter.8}% 32
\BOOKMARK [0][-]{chapter.9}{\376\377\000D\000A\000T\000A\000\040\000C\0001\0000\0000\000:\000\040\000E\000s\000t\000i\000m\000a\000t\000o\000r\000s\000,\000\040\000B\000i\000a\000s\000,\000\040\000a\000n\000d\000\040\000V\000a\000r\000i\000a\000n\000c\000e}{part.2}% 33
\BOOKMARK [1][-]{section.9.1}{\376\377\000S\000a\000m\000p\000l\000e\000\040\000S\000t\000a\000t\000i\000s\000t\000i\000c\000s}{chapter.9}% 34
\BOOKMARK [1][-]{section.9.2}{\376\377\000P\000r\000e\000d\000i\000c\000t\000i\000o\000n\000\040\000a\000n\000d\000\040\000I\000n\000f\000e\000r\000e\000n\000c\000e\000\040\000i\000n\000\040\000M\000o\000d\000e\000l\000i\000n\000g}{chapter.9}% 35
\BOOKMARK [1][-]{section.9.3}{\376\377\000B\000i\000a\000s\000-\000V\000a\000r\000i\000a\000n\000c\000e\000\040\000T\000r\000a\000d\000e\000o\000f\000f}{chapter.9}% 36
\BOOKMARK [0][-]{chapter.10}{\376\377\000D\000A\000T\000A\000\040\000C\0001\0000\0000\000:\000\040\000C\000a\000u\000s\000a\000l\000\040\000I\000n\000f\000e\000r\000e\000n\000c\000e\000\040\000a\000n\000d\000\040\000C\000o\000n\000f\000o\000u\000d\000i\000n\000g}{part.2}% 37
\BOOKMARK [1][-]{section.10.1}{\376\377\000I\000n\000t\000e\000r\000p\000r\000e\000t\000a\000t\000i\000o\000n\000\040\000o\000f\000\040\000M\000o\000d\000e\000l\000s}{chapter.10}% 38
\BOOKMARK [1][-]{section.10.2}{\376\377\000C\000a\000u\000s\000a\000l\000\040\000I\000n\000f\000e\000r\000e\000n\000c\000e}{chapter.10}% 39
\BOOKMARK [1][-]{section.10.3}{\376\377\000C\000o\000v\000a\000r\000i\000a\000t\000e\000\040\000A\000d\000j\000u\000s\000t\000m\000e\000n\000t}{chapter.10}% 40
